[dotenv] Set [36mPOSTGRES_USERNAME[0m, [36mPOSTGRES_PASSWORD[0m, [36mDB_HOST[0m, [36mDB_PORT[0m, and [36mDB_NAME_DEVELOPMENT[0m
[dotenv] Loaded [33m.env[0m
[dotenv] Loaded [33m.env[0m
[dotenv] Loaded [33m.env[0m
Started GET "/" for ::1 at 2024-06-18 15:20:42 -0700
  [1m[35m (0.9ms)[0m  [1m[34mSELECT "schema_migrations"."version" FROM "schema_migrations" ORDER BY "schema_migrations"."version" ASC[0m
Processing by PagesController#home as HTML
  [1m[36mUser Load (0.5ms)[0m  [1m[34mSELECT "fake_users".* FROM "fake_users" WHERE "fake_users"."id" = $1 LIMIT $2[0m  [["id", 1], ["LIMIT", 1]]
  ↳ app/controllers/application_controller.rb:13:in `find_current_user'
  Rendering layout layouts/application.html.erb
  Rendering pages/home.html.erb within layouts/application
  Rendered pages/home.html.erb within layouts/application (Duration: 0.8ms | Allocations: 524)
  Rendered layout layouts/application.html.erb (Duration: 96.4ms | Allocations: 54122)
Completed 500 Internal Server Error in 114ms (ActiveRecord: 5.9ms | Allocations: 65920)


  
ActionView::Template::Error (undefined method `javascript_pack_tag' for #<ActionView::Base:0x00000000008a20>
Did you mean?  javascript_path
               javascript_tag):
     8:   <%= csp_meta_tag %>
     9: 
    10:   <%= stylesheet_link_tag 'application', media: 'all', 'data-turbolinks-track': 'reload' %>
    11:   <%= javascript_pack_tag 'application', 'data-turbolinks-track': 'reload' %>
    12:   <%= stylesheet_link_tag "application", "data-turbo-track": "reload" %>
    13:     <%= stylesheet_link_tag 'https://cdnjs.cloudflare.com/ajax/libs/animate.css/4.1.1/animate.min.css', media: 'all' %>
    14: </head>
  
app/views/layouts/application.html.erb:11
Started GET "/" for ::1 at 2024-06-18 15:20:43 -0700
Processing by PagesController#home as HTML
  [1m[36mUser Load (2.1ms)[0m  [1m[34mSELECT "fake_users".* FROM "fake_users" WHERE "fake_users"."id" = $1 LIMIT $2[0m  [["id", 1], ["LIMIT", 1]]
  ↳ app/controllers/application_controller.rb:13:in `find_current_user'
  Rendering layout layouts/application.html.erb
  Rendering pages/home.html.erb within layouts/application
  Rendered pages/home.html.erb within layouts/application (Duration: 0.3ms | Allocations: 114)
  Rendered layout layouts/application.html.erb (Duration: 24.2ms | Allocations: 6122)
Completed 500 Internal Server Error in 43ms (ActiveRecord: 2.1ms | Allocations: 7213)


  
ActionView::Template::Error (undefined method `javascript_pack_tag' for #<ActionView::Base:0x00000000008c50>
Did you mean?  javascript_path
               javascript_tag):
     8:   <%= csp_meta_tag %>
     9: 
    10:   <%= stylesheet_link_tag 'application', media: 'all', 'data-turbolinks-track': 'reload' %>
    11:   <%= javascript_pack_tag 'application', 'data-turbolinks-track': 'reload' %>
    12:   <%= stylesheet_link_tag "application", "data-turbo-track": "reload" %>
    13:     <%= stylesheet_link_tag 'https://cdnjs.cloudflare.com/ajax/libs/animate.css/4.1.1/animate.min.css', media: 'all' %>
    14: </head>
  
app/views/layouts/application.html.erb:11
[dotenv] Set [36mPOSTGRES_USERNAME[0m, [36mPOSTGRES_PASSWORD[0m, [36mDB_HOST[0m, [36mDB_PORT[0m, and [36mDB_NAME_DEVELOPMENT[0m
[dotenv] Loaded [33m.env[0m
[dotenv] Loaded [33m.env[0m
[dotenv] Loaded [33m.env[0m
Started GET "/" for ::1 at 2024-06-18 15:30:04 -0700
  [1m[35m (0.4ms)[0m  [1m[34mSELECT "schema_migrations"."version" FROM "schema_migrations" ORDER BY "schema_migrations"."version" ASC[0m
Processing by PagesController#home as HTML
  [1m[36mUser Load (0.3ms)[0m  [1m[34mSELECT "fake_users".* FROM "fake_users" WHERE "fake_users"."id" = $1 LIMIT $2[0m  [["id", 1], ["LIMIT", 1]]
  ↳ app/controllers/application_controller.rb:13:in `find_current_user'
  Rendering layout layouts/application.html.erb
  Rendering pages/home.html.erb within layouts/application
  Rendered pages/home.html.erb within layouts/application (Duration: 0.5ms | Allocations: 524)
  Rendered layout layouts/application.html.erb (Duration: 147.5ms | Allocations: 42226)
Completed 500 Internal Server Error in 168ms (ActiveRecord: 6.6ms | Allocations: 53986)


  
ActionView::Template::Error (undefined method `javascript_pack_tag' for #<ActionView::Base:0x00000000008a20>
Did you mean?  javascript_path
               javascript_tag):
     8:   <%= csp_meta_tag %>
     9: 
    10:   <%= stylesheet_link_tag 'application', media: 'all', 'data-turbolinks-track': 'reload' %>
    11:   <%= javascript_pack_tag 'application', 'data-turbolinks-track': 'reload' %>
    12:   <%= stylesheet_link_tag "application", "data-turbo-track": "reload" %>
    13:     <%= stylesheet_link_tag 'https://cdnjs.cloudflare.com/ajax/libs/animate.css/4.1.1/animate.min.css', media: 'all' %>
    14: </head>
  
app/views/layouts/application.html.erb:11
Started GET "/" for ::1 at 2024-06-18 15:30:04 -0700
Processing by PagesController#home as HTML
  [1m[36mUser Load (0.2ms)[0m  [1m[34mSELECT "fake_users".* FROM "fake_users" WHERE "fake_users"."id" = $1 LIMIT $2[0m  [["id", 1], ["LIMIT", 1]]
  ↳ app/controllers/application_controller.rb:13:in `find_current_user'
  Rendering layout layouts/application.html.erb
  Rendering pages/home.html.erb within layouts/application
  Rendered pages/home.html.erb within layouts/application (Duration: 0.2ms | Allocations: 114)
  Rendered layout layouts/application.html.erb (Duration: 8.8ms | Allocations: 6120)
Completed 500 Internal Server Error in 10ms (ActiveRecord: 0.2ms | Allocations: 7189)


  
ActionView::Template::Error (undefined method `javascript_pack_tag' for #<ActionView::Base:0x00000000008c28>
Did you mean?  javascript_path
               javascript_tag):
     8:   <%= csp_meta_tag %>
     9: 
    10:   <%= stylesheet_link_tag 'application', media: 'all', 'data-turbolinks-track': 'reload' %>
    11:   <%= javascript_pack_tag 'application', 'data-turbolinks-track': 'reload' %>
    12:   <%= stylesheet_link_tag "application", "data-turbo-track": "reload" %>
    13:     <%= stylesheet_link_tag 'https://cdnjs.cloudflare.com/ajax/libs/animate.css/4.1.1/animate.min.css', media: 'all' %>
    14: </head>
  
app/views/layouts/application.html.erb:11
Started GET "/" for ::1 at 2024-06-18 15:30:05 -0700
Processing by PagesController#home as HTML
  [1m[36mUser Load (0.2ms)[0m  [1m[34mSELECT "fake_users".* FROM "fake_users" WHERE "fake_users"."id" = $1 LIMIT $2[0m  [["id", 1], ["LIMIT", 1]]
  ↳ app/controllers/application_controller.rb:13:in `find_current_user'
  Rendering layout layouts/application.html.erb
  Rendering pages/home.html.erb within layouts/application
  Rendered pages/home.html.erb within layouts/application (Duration: 0.1ms | Allocations: 94)
  Rendered layout layouts/application.html.erb (Duration: 9.0ms | Allocations: 5975)
Completed 500 Internal Server Error in 10ms (ActiveRecord: 0.2ms | Allocations: 6888)


  
ActionView::Template::Error (undefined method `javascript_pack_tag' for #<ActionView::Base:0x00000000008db8>
Did you mean?  javascript_path
               javascript_tag):
     8:   <%= csp_meta_tag %>
     9: 
    10:   <%= stylesheet_link_tag 'application', media: 'all', 'data-turbolinks-track': 'reload' %>
    11:   <%= javascript_pack_tag 'application', 'data-turbolinks-track': 'reload' %>
    12:   <%= stylesheet_link_tag "application", "data-turbo-track": "reload" %>
    13:     <%= stylesheet_link_tag 'https://cdnjs.cloudflare.com/ajax/libs/animate.css/4.1.1/animate.min.css', media: 'all' %>
    14: </head>
  
app/views/layouts/application.html.erb:11
Started GET "/" for ::1 at 2024-06-18 15:30:05 -0700
Processing by PagesController#home as HTML
  [1m[36mUser Load (0.2ms)[0m  [1m[34mSELECT "fake_users".* FROM "fake_users" WHERE "fake_users"."id" = $1 LIMIT $2[0m  [["id", 1], ["LIMIT", 1]]
  ↳ app/controllers/application_controller.rb:13:in `find_current_user'
  Rendering layout layouts/application.html.erb
  Rendering pages/home.html.erb within layouts/application
  Rendered pages/home.html.erb within layouts/application (Duration: 0.1ms | Allocations: 94)
  Rendered layout layouts/application.html.erb (Duration: 8.9ms | Allocations: 5975)
Completed 500 Internal Server Error in 10ms (ActiveRecord: 0.2ms | Allocations: 6888)


  
ActionView::Template::Error (undefined method `javascript_pack_tag' for #<ActionView::Base:0x00000000008f48>
Did you mean?  javascript_path
               javascript_tag):
     8:   <%= csp_meta_tag %>
     9: 
    10:   <%= stylesheet_link_tag 'application', media: 'all', 'data-turbolinks-track': 'reload' %>
    11:   <%= javascript_pack_tag 'application', 'data-turbolinks-track': 'reload' %>
    12:   <%= stylesheet_link_tag "application", "data-turbo-track": "reload" %>
    13:     <%= stylesheet_link_tag 'https://cdnjs.cloudflare.com/ajax/libs/animate.css/4.1.1/animate.min.css', media: 'all' %>
    14: </head>
  
app/views/layouts/application.html.erb:11
Started GET "/" for ::1 at 2024-06-18 15:30:05 -0700
Processing by PagesController#home as HTML
  [1m[36mUser Load (0.2ms)[0m  [1m[34mSELECT "fake_users".* FROM "fake_users" WHERE "fake_users"."id" = $1 LIMIT $2[0m  [["id", 1], ["LIMIT", 1]]
  ↳ app/controllers/application_controller.rb:13:in `find_current_user'
  Rendering layout layouts/application.html.erb
  Rendering pages/home.html.erb within layouts/application
  Rendered pages/home.html.erb within layouts/application (Duration: 0.1ms | Allocations: 94)
  Rendered layout layouts/application.html.erb (Duration: 9.0ms | Allocations: 5973)
Completed 500 Internal Server Error in 10ms (ActiveRecord: 0.2ms | Allocations: 6868)


  
ActionView::Template::Error (undefined method `javascript_pack_tag' for #<ActionView::Base:0x00000000009088>
Did you mean?  javascript_path
               javascript_tag):
     8:   <%= csp_meta_tag %>
     9: 
    10:   <%= stylesheet_link_tag 'application', media: 'all', 'data-turbolinks-track': 'reload' %>
    11:   <%= javascript_pack_tag 'application', 'data-turbolinks-track': 'reload' %>
    12:   <%= stylesheet_link_tag "application", "data-turbo-track": "reload" %>
    13:     <%= stylesheet_link_tag 'https://cdnjs.cloudflare.com/ajax/libs/animate.css/4.1.1/animate.min.css', media: 'all' %>
    14: </head>
  
app/views/layouts/application.html.erb:11
[dotenv] Set [36mPOSTGRES_USERNAME[0m, [36mPOSTGRES_PASSWORD[0m, [36mDB_HOST[0m, [36mDB_PORT[0m, and [36mDB_NAME_DEVELOPMENT[0m
[dotenv] Loaded [33m.env[0m
[dotenv] Loaded [33m.env[0m
[dotenv] Loaded [33m.env[0m
Started GET "/" for ::1 at 2024-06-18 15:31:32 -0700
  [1m[35m (0.8ms)[0m  [1m[34mSELECT "schema_migrations"."version" FROM "schema_migrations" ORDER BY "schema_migrations"."version" ASC[0m
Processing by PagesController#home as HTML
  [1m[36mUser Load (0.4ms)[0m  [1m[34mSELECT "fake_users".* FROM "fake_users" WHERE "fake_users"."id" = $1 LIMIT $2[0m  [["id", 1], ["LIMIT", 1]]
  ↳ app/controllers/application_controller.rb:13:in `find_current_user'
  Rendering layout layouts/application.html.erb
  Rendering pages/home.html.erb within layouts/application
  Rendered pages/home.html.erb within layouts/application (Duration: 0.5ms | Allocations: 524)
[Webpacker] Compiling...
[Webpacker] Compilation failed:
Hash: 94db375d3297e9fb2003
Version: webpack 4.47.0
Time: 70ms
Built at: 06/18/2024 3:31:33 PM
                                     Asset       Size       Chunks                         Chunk Names
    js/application-52f4b0cecda5df31ae22.js   8.88 KiB  application  [emitted] [immutable]  application
js/application-52f4b0cecda5df31ae22.js.map   3.53 KiB  application  [emitted] [dev]        application
                             manifest.json  364 bytes               [emitted]              
Entrypoint application = js/application-52f4b0cecda5df31ae22.js js/application-52f4b0cecda5df31ae22.js.map
[./app/javascript/packs/application.js] 4.98 KiB {application} [not cacheable] [built] [failed] [1 error]

ERROR in ./app/javascript/packs/application.js
Module build failed (from ./node_modules/babel-loader/lib/index.js):
Error: Cannot find module './common'
Require stack:
- /Users/lilyhenderson/lighthouse/francis-gamble/node_modules/debug/src/node.js
- /Users/lilyhenderson/lighthouse/francis-gamble/node_modules/debug/src/index.js
- /Users/lilyhenderson/lighthouse/francis-gamble/node_modules/@babel/core/lib/config/config-chain.js
- /Users/lilyhenderson/lighthouse/francis-gamble/node_modules/@babel/core/lib/config/full.js
- /Users/lilyhenderson/lighthouse/francis-gamble/node_modules/@babel/core/lib/config/index.js
- /Users/lilyhenderson/lighthouse/francis-gamble/node_modules/@babel/core/lib/transform-file.js
- /Users/lilyhenderson/lighthouse/francis-gamble/node_modules/@babel/core/lib/config/files/module-types.js
- /Users/lilyhenderson/lighthouse/francis-gamble/node_modules/@babel/core/lib/config/files/configuration.js
- /Users/lilyhenderson/lighthouse/francis-gamble/node_modules/@babel/core/lib/config/files/index.js
- /Users/lilyhenderson/lighthouse/francis-gamble/node_modules/@babel/core/lib/index.js
- /Users/lilyhenderson/lighthouse/francis-gamble/node_modules/babel-loader/lib/index.js
- /Users/lilyhenderson/lighthouse/francis-gamble/node_modules/loader-runner/lib/loadLoader.js
- /Users/lilyhenderson/lighthouse/francis-gamble/node_modules/loader-runner/lib/LoaderRunner.js
- /Users/lilyhenderson/lighthouse/francis-gamble/node_modules/webpack/lib/NormalModule.js
- /Users/lilyhenderson/lighthouse/francis-gamble/node_modules/webpack/lib/NormalModuleFactory.js
- /Users/lilyhenderson/lighthouse/francis-gamble/node_modules/webpack/lib/Compiler.js
- /Users/lilyhenderson/lighthouse/francis-gamble/node_modules/webpack/lib/webpack.js
- /Users/lilyhenderson/lighthouse/francis-gamble/node_modules/webpack-cli/bin/utils/validate-options.js
- /Users/lilyhenderson/lighthouse/francis-gamble/node_modules/webpack-cli/bin/utils/convert-argv.js
- /Users/lilyhenderson/lighthouse/francis-gamble/node_modules/webpack-cli/bin/cli.js
- /Users/lilyhenderson/lighthouse/francis-gamble/node_modules/webpack/bin/webpack.js
 babel-loader@8 requires Babel 7.x (the package '@babel/core'). If you'd like to use Babel 6.x ('babel-core'), you should install 'babel-loader@7'.
    at Function.Module._resolveFilename (node:internal/modules/cjs/loader:1028:15)
    at Function.Module._load (node:internal/modules/cjs/loader:873:27)
    at Module.require (node:internal/modules/cjs/loader:1100:19)
    at require (/Users/lilyhenderson/lighthouse/francis-gamble/node_modules/v8-compile-cache/v8-compile-cache.js:159:20)
    at Object.<anonymous> (/Users/lilyhenderson/lighthouse/francis-gamble/node_modules/debug/src/node.js:240:18)
    at Module._compile (/Users/lilyhenderson/lighthouse/francis-gamble/node_modules/v8-compile-cache/v8-compile-cache.js:192:30)
    at Object.Module._extensions..js (node:internal/modules/cjs/loader:1252:10)
    at Module.load (node:internal/modules/cjs/loader:1076:32)
    at Function.Module._load (node:internal/modules/cjs/loader:911:12)
    at Module.require (node:internal/modules/cjs/loader:1100:19)
    at require (/Users/lilyhenderson/lighthouse/francis-gamble/node_modules/v8-compile-cache/v8-compile-cache.js:159:20)
    at Object.<anonymous> (/Users/lilyhenderson/lighthouse/francis-gamble/node_modules/debug/src/index.js:9:19)
    at Module._compile (/Users/lilyhenderson/lighthouse/francis-gamble/node_modules/v8-compile-cache/v8-compile-cache.js:192:30)
    at Object.Module._extensions..js (node:internal/modules/cjs/loader:1252:10)
    at Module.load (node:internal/modules/cjs/loader:1076:32)
    at Function.Module._load (node:internal/modules/cjs/loader:911:12)
    at Module.require (node:internal/modules/cjs/loader:1100:19)
    at require (/Users/lilyhenderson/lighthouse/francis-gamble/node_modules/v8-compile-cache/v8-compile-cache.js:159:20)
    at _debug (/Users/lilyhenderson/lighthouse/francis-gamble/node_modules/@babel/core/lib/config/config-chain.js:17:16)
    at Object.<anonymous> (/Users/lilyhenderson/lighthouse/francis-gamble/node_modules/@babel/core/lib/config/config-chain.js:31:15)
    at Module._compile (/Users/lilyhenderson/lighthouse/francis-gamble/node_modules/v8-compile-cache/v8-compile-cache.js:192:30)
    at Object.Module._extensions..js (node:internal/modules/cjs/loader:1252:10)
    at Module.load (node:internal/modules/cjs/loader:1076:32)
    at Function.Module._load (node:internal/modules/cjs/loader:911:12)
    at Module.require (node:internal/modules/cjs/loader:1100:19)
    at require (/Users/lilyhenderson/lighthouse/francis-gamble/node_modules/v8-compile-cache/v8-compile-cache.js:159:20)
    at Object.<anonymous> (/Users/lilyhenderson/lighthouse/francis-gamble/node_modules/@babel/core/lib/config/full.js:19:20)
    at Module._compile (/Users/lilyhenderson/lighthouse/francis-gamble/node_modules/v8-compile-cache/v8-compile-cache.js:192:30)
    at Object.Module._extensions..js (node:internal/modules/cjs/loader:1252:10)
    at Module.load (node:internal/modules/cjs/loader:1076:32)

  Rendered users/_new.html.erb (Duration: 0.4ms | Allocations: 142)
  Rendered users/_existing.html.erb (Duration: 0.2ms | Allocations: 128)
  Rendered layout layouts/application.html.erb (Duration: 1077.0ms | Allocations: 18265)
Completed 200 OK in 1091ms (Views: 1078.2ms | ActiveRecord: 4.0ms | Allocations: 30082)


Started GET "/" for ::1 at 2024-06-18 15:31:33 -0700
Processing by PagesController#home as HTML
  [1m[36mUser Load (0.3ms)[0m  [1m[34mSELECT "fake_users".* FROM "fake_users" WHERE "fake_users"."id" = $1 LIMIT $2[0m  [["id", 1], ["LIMIT", 1]]
  ↳ app/controllers/application_controller.rb:13:in `find_current_user'
  Rendering layout layouts/application.html.erb
  Rendering pages/home.html.erb within layouts/application
  Rendered pages/home.html.erb within layouts/application (Duration: 0.1ms | Allocations: 94)
[Webpacker] Everything's up-to-date. Nothing to do
  Rendered users/_new.html.erb (Duration: 0.1ms | Allocations: 26)
  Rendered users/_existing.html.erb (Duration: 0.0ms | Allocations: 25)
  Rendered layout layouts/application.html.erb (Duration: 3.7ms | Allocations: 6742)
Completed 200 OK in 5ms (Views: 3.9ms | ActiveRecord: 0.3ms | Allocations: 7827)


[dotenv] Set [36mPOSTGRES_USERNAME[0m, [36mPOSTGRES_PASSWORD[0m, [36mDB_HOST[0m, [36mDB_PORT[0m, and [36mDB_NAME_DEVELOPMENT[0m
[dotenv] Loaded [33m.env[0m
[dotenv] Loaded [33m.env[0m
[dotenv] Loaded [33m.env[0m
Started POST "/login" for ::1 at 2024-06-18 15:33:05 -0700
  [1m[35m (1.3ms)[0m  [1m[34mSELECT "schema_migrations"."version" FROM "schema_migrations" ORDER BY "schema_migrations"."version" ASC[0m
Processing by SessionsController#create as HTML
  Parameters: {"authenticity_token"=>"[FILTERED]", "session"=>{"email"=>"a@a.a", "password"=>"[FILTERED]"}}
  [1m[36mUser Load (0.7ms)[0m  [1m[34mSELECT "fake_users".* FROM "fake_users" WHERE "fake_users"."id" = $1 LIMIT $2[0m  [["id", 1], ["LIMIT", 1]]
  ↳ app/controllers/application_controller.rb:13:in `find_current_user'
  [1m[36mUser Load (0.2ms)[0m  [1m[34mSELECT "fake_users".* FROM "fake_users" WHERE "fake_users"."email" = $1 LIMIT $2[0m  [["email", "a@a.a"], ["LIMIT", 1]]
  ↳ app/controllers/sessions_controller.rb:6:in `create'
Redirected to http://localhost:3000/games
Completed 302 Found in 240ms (ActiveRecord: 6.7ms | Allocations: 10805)


Started GET "/games" for ::1 at 2024-06-18 15:33:06 -0700
Processing by GamesController#show as HTML
  [1m[36mUser Load (0.2ms)[0m  [1m[34mSELECT "fake_users".* FROM "fake_users" WHERE "fake_users"."id" = $1 LIMIT $2[0m  [["id", 1], ["LIMIT", 1]]
  ↳ app/controllers/application_controller.rb:13:in `find_current_user'
  Rendering games/show.html.erb
[Webpacker] Everything's up-to-date. Nothing to do
  Rendered partials/_header.html.erb (Duration: 1.9ms | Allocations: 4184)
  Rendered games/show.html.erb (Duration: 13.9ms | Allocations: 21079)
Completed 200 OK in 21ms (Views: 15.8ms | ActiveRecord: 0.2ms | Allocations: 23758)


Started GET "/games" for ::1 at 2024-06-18 15:36:47 -0700
Processing by GamesController#show as HTML
  [1m[36mUser Load (0.3ms)[0m  [1m[34mSELECT "fake_users".* FROM "fake_users" WHERE "fake_users"."id" = $1 LIMIT $2[0m  [["id", 1], ["LIMIT", 1]]
  ↳ app/controllers/application_controller.rb:13:in `find_current_user'
  Rendering games/show.html.erb
[Webpacker] Everything's up-to-date. Nothing to do
  Rendered partials/_header.html.erb (Duration: 1.4ms | Allocations: 3964)
  Rendered games/show.html.erb (Duration: 5.2ms | Allocations: 11376)
Completed 200 OK in 7ms (Views: 5.8ms | ActiveRecord: 0.3ms | Allocations: 12830)


Started GET "/games/checkers" for ::1 at 2024-06-18 15:36:48 -0700
Processing by CheckersController#show as HTML
  [1m[36mUser Load (0.3ms)[0m  [1m[34mSELECT "fake_users".* FROM "fake_users" WHERE "fake_users"."id" = $1 LIMIT $2[0m  [["id", 1], ["LIMIT", 1]]
  ↳ app/controllers/application_controller.rb:13:in `find_current_user'
  Rendering checkers/show.html.erb
  Rendered checkers/show.html.erb (Duration: 3.6ms | Allocations: 4798)
Completed 200 OK in 7ms (Views: 4.0ms | ActiveRecord: 0.3ms | Allocations: 6981)


Started GET "/games" for ::1 at 2024-06-18 15:36:50 -0700
Processing by GamesController#show as HTML
  [1m[36mUser Load (0.3ms)[0m  [1m[34mSELECT "fake_users".* FROM "fake_users" WHERE "fake_users"."id" = $1 LIMIT $2[0m  [["id", 1], ["LIMIT", 1]]
  ↳ app/controllers/application_controller.rb:13:in `find_current_user'
  Rendering games/show.html.erb
[Webpacker] Everything's up-to-date. Nothing to do
  Rendered partials/_header.html.erb (Duration: 0.9ms | Allocations: 3620)
  Rendered games/show.html.erb (Duration: 4.0ms | Allocations: 10327)
Completed 200 OK in 5ms (Views: 4.2ms | ActiveRecord: 0.3ms | Allocations: 11325)


Started GET "/games/checkers" for ::1 at 2024-06-18 15:36:51 -0700
Processing by CheckersController#show as HTML
  [1m[36mUser Load (0.3ms)[0m  [1m[34mSELECT "fake_users".* FROM "fake_users" WHERE "fake_users"."id" = $1 LIMIT $2[0m  [["id", 1], ["LIMIT", 1]]
  ↳ app/controllers/application_controller.rb:13:in `find_current_user'
  Rendering checkers/show.html.erb
  Rendered checkers/show.html.erb (Duration: 1.4ms | Allocations: 3876)
Completed 200 OK in 3ms (Views: 1.5ms | ActiveRecord: 0.3ms | Allocations: 5049)


Started GET "/games" for ::1 at 2024-06-18 15:36:54 -0700
Processing by GamesController#show as HTML
  [1m[36mUser Load (0.2ms)[0m  [1m[34mSELECT "fake_users".* FROM "fake_users" WHERE "fake_users"."id" = $1 LIMIT $2[0m  [["id", 1], ["LIMIT", 1]]
  ↳ app/controllers/application_controller.rb:13:in `find_current_user'
  Rendering games/show.html.erb
[Webpacker] Everything's up-to-date. Nothing to do
  Rendered partials/_header.html.erb (Duration: 1.2ms | Allocations: 3617)
  Rendered games/show.html.erb (Duration: 10.9ms | Allocations: 10340)
Completed 200 OK in 12ms (Views: 11.1ms | ActiveRecord: 0.2ms | Allocations: 11200)


Started GET "/tictactoe" for ::1 at 2024-06-18 15:36:55 -0700
Processing by TictactoeController#index as HTML
  [1m[36mUser Load (0.3ms)[0m  [1m[34mSELECT "fake_users".* FROM "fake_users" WHERE "fake_users"."id" = $1 LIMIT $2[0m  [["id", 1], ["LIMIT", 1]]
  ↳ app/controllers/application_controller.rb:13:in `find_current_user'
  Rendering tictactoe/index.html.erb
  Rendered partials/_header.html.erb (Duration: 2.3ms | Allocations: 5164)
  Rendered tictactoe/index.html.erb (Duration: 2.6ms | Allocations: 5490)
Completed 200 OK in 7ms (Views: 3.2ms | ActiveRecord: 0.3ms | Allocations: 7853)


Started GET "/tictactoe/new" for ::1 at 2024-06-18 15:36:55 -0700
Processing by TictactoeController#new as HTML
  [1m[36mUser Load (0.2ms)[0m  [1m[34mSELECT "fake_users".* FROM "fake_users" WHERE "fake_users"."id" = $1 LIMIT $2[0m  [["id", 1], ["LIMIT", 1]]
  ↳ app/controllers/application_controller.rb:13:in `find_current_user'
  Rendering tictactoe/new.html.erb
  Rendered partials/_header.html.erb (Duration: 2.2ms | Allocations: 4912)
  Rendered tictactoe/new.html.erb (Duration: 4.0ms | Allocations: 6187)
Completed 200 OK in 11ms (Views: 4.5ms | ActiveRecord: 3.8ms | Allocations: 10387)


Started GET "/tictactoe" for ::1 at 2024-06-18 15:36:57 -0700
Processing by TictactoeController#index as HTML
  [1m[36mUser Load (0.2ms)[0m  [1m[34mSELECT "fake_users".* FROM "fake_users" WHERE "fake_users"."id" = $1 LIMIT $2[0m  [["id", 1], ["LIMIT", 1]]
  ↳ app/controllers/application_controller.rb:13:in `find_current_user'
  Rendering tictactoe/index.html.erb
  Rendered partials/_header.html.erb (Duration: 1.8ms | Allocations: 5069)
  Rendered tictactoe/index.html.erb (Duration: 1.9ms | Allocations: 5206)
Completed 200 OK in 3ms (Views: 2.0ms | ActiveRecord: 0.2ms | Allocations: 6240)


Started GET "/games" for ::1 at 2024-06-18 15:36:58 -0700
Processing by GamesController#show as HTML
  [1m[36mUser Load (0.2ms)[0m  [1m[34mSELECT "fake_users".* FROM "fake_users" WHERE "fake_users"."id" = $1 LIMIT $2[0m  [["id", 1], ["LIMIT", 1]]
  ↳ app/controllers/application_controller.rb:13:in `find_current_user'
  Rendering games/show.html.erb
[Webpacker] Everything's up-to-date. Nothing to do
  Rendered partials/_header.html.erb (Duration: 1.1ms | Allocations: 3617)
  Rendered games/show.html.erb (Duration: 4.9ms | Allocations: 10324)
Completed 200 OK in 6ms (Views: 5.0ms | ActiveRecord: 0.2ms | Allocations: 11192)


Started GET "/games/checkers" for ::1 at 2024-06-18 15:37:42 -0700
Processing by CheckersController#show as HTML
  [1m[36mUser Load (0.2ms)[0m  [1m[34mSELECT "fake_users".* FROM "fake_users" WHERE "fake_users"."id" = $1 LIMIT $2[0m  [["id", 1], ["LIMIT", 1]]
  ↳ app/controllers/application_controller.rb:13:in `find_current_user'
  Rendering checkers/show.html.erb
  Rendered checkers/show.html.erb (Duration: 1.9ms | Allocations: 3876)
Completed 200 OK in 3ms (Views: 2.1ms | ActiveRecord: 0.2ms | Allocations: 5029)


Started GET "/games" for ::1 at 2024-06-18 15:37:43 -0700
Processing by GamesController#show as HTML
  [1m[36mUser Load (0.2ms)[0m  [1m[34mSELECT "fake_users".* FROM "fake_users" WHERE "fake_users"."id" = $1 LIMIT $2[0m  [["id", 1], ["LIMIT", 1]]
  ↳ app/controllers/application_controller.rb:13:in `find_current_user'
  Rendering games/show.html.erb
[Webpacker] Everything's up-to-date. Nothing to do
  Rendered partials/_header.html.erb (Duration: 0.9ms | Allocations: 3615)
  Rendered games/show.html.erb (Duration: 3.9ms | Allocations: 10294)
Completed 200 OK in 5ms (Views: 4.1ms | ActiveRecord: 0.2ms | Allocations: 11152)


Started GET "/games" for ::1 at 2024-06-18 15:37:58 -0700
Processing by GamesController#show as HTML
  [1m[36mUser Load (0.3ms)[0m  [1m[34mSELECT "fake_users".* FROM "fake_users" WHERE "fake_users"."id" = $1 LIMIT $2[0m  [["id", 1], ["LIMIT", 1]]
  ↳ app/controllers/application_controller.rb:13:in `find_current_user'
  Rendering games/show.html.erb
[Webpacker] Everything's up-to-date. Nothing to do
  Rendered partials/_header.html.erb (Duration: 1.0ms | Allocations: 3615)
  Rendered games/show.html.erb (Duration: 4.0ms | Allocations: 10294)
Completed 200 OK in 5ms (Views: 4.2ms | ActiveRecord: 0.3ms | Allocations: 11149)


Started GET "/games" for ::1 at 2024-06-18 15:38:05 -0700
Processing by GamesController#show as HTML
  [1m[36mUser Load (0.2ms)[0m  [1m[34mSELECT "fake_users".* FROM "fake_users" WHERE "fake_users"."id" = $1 LIMIT $2[0m  [["id", 1], ["LIMIT", 1]]
  ↳ app/controllers/application_controller.rb:13:in `find_current_user'
  Rendering games/show.html.erb
[Webpacker] Everything's up-to-date. Nothing to do
  Rendered partials/_header.html.erb (Duration: 1.1ms | Allocations: 3937)
  Rendered games/show.html.erb (Duration: 4.7ms | Allocations: 11343)
Completed 200 OK in 6ms (Views: 5.2ms | ActiveRecord: 0.2ms | Allocations: 12669)


Started GET "/games" for ::1 at 2024-06-18 15:38:11 -0700
Processing by GamesController#show as HTML
  [1m[36mUser Load (0.4ms)[0m  [1m[34mSELECT "fake_users".* FROM "fake_users" WHERE "fake_users"."id" = $1 LIMIT $2[0m  [["id", 1], ["LIMIT", 1]]
  ↳ app/controllers/application_controller.rb:13:in `find_current_user'
  Rendering games/show.html.erb
[Webpacker] Everything's up-to-date. Nothing to do
  Rendered partials/_header.html.erb (Duration: 5.6ms | Allocations: 3937)
  Rendered games/show.html.erb (Duration: 16.4ms | Allocations: 11340)
Completed 200 OK in 20ms (Views: 18.2ms | ActiveRecord: 0.4ms | Allocations: 12775)


Started GET "/games/checkers" for ::1 at 2024-06-18 15:41:37 -0700
Processing by CheckersController#show as HTML
  [1m[36mUser Load (0.3ms)[0m  [1m[34mSELECT "fake_users".* FROM "fake_users" WHERE "fake_users"."id" = $1 LIMIT $2[0m  [["id", 1], ["LIMIT", 1]]
  ↳ app/controllers/application_controller.rb:13:in `find_current_user'
  Rendering checkers/show.html.erb
  Rendered checkers/show.html.erb (Duration: 2.5ms | Allocations: 4504)
Completed 200 OK in 4ms (Views: 3.0ms | ActiveRecord: 0.3ms | Allocations: 6148)


Started GET "/games/checkers" for ::1 at 2024-06-18 15:43:49 -0700
Processing by CheckersController#show as HTML
  [1m[36mUser Load (0.2ms)[0m  [1m[34mSELECT "fake_users".* FROM "fake_users" WHERE "fake_users"."id" = $1 LIMIT $2[0m  [["id", 1], ["LIMIT", 1]]
  ↳ app/controllers/application_controller.rb:13:in `find_current_user'
  Rendering checkers/show.html.erb
  Rendered checkers/show.html.erb (Duration: 53.0ms | Allocations: 33359)
Completed 200 OK in 54ms (Views: 53.2ms | ActiveRecord: 0.2ms | Allocations: 34637)


Started GET "/games/checkers" for ::1 at 2024-06-18 15:43:59 -0700
Processing by CheckersController#show as HTML
  [1m[36mUser Load (0.2ms)[0m  [1m[34mSELECT "fake_users".* FROM "fake_users" WHERE "fake_users"."id" = $1 LIMIT $2[0m  [["id", 1], ["LIMIT", 1]]
  ↳ app/controllers/application_controller.rb:13:in `find_current_user'
  Rendering checkers/show.html.erb
  Rendered checkers/show.html.erb (Duration: 1.5ms | Allocations: 3875)
Completed 200 OK in 3ms (Views: 1.6ms | ActiveRecord: 0.2ms | Allocations: 5013)


Started GET "/games/checkers" for ::1 at 2024-06-18 15:48:14 -0700
Processing by CheckersController#show as HTML
  [1m[36mUser Load (0.2ms)[0m  [1m[34mSELECT "fake_users".* FROM "fake_users" WHERE "fake_users"."id" = $1 LIMIT $2[0m  [["id", 1], ["LIMIT", 1]]
  ↳ app/controllers/application_controller.rb:13:in `find_current_user'
  Rendering checkers/show.html.erb
  Rendered checkers/show.html.erb (Duration: 4.5ms | Allocations: 7110)
Completed 200 OK in 6ms (Views: 4.7ms | ActiveRecord: 0.2ms | Allocations: 8297)


Started GET "/games/checkers" for ::1 at 2024-06-18 15:49:20 -0700
Processing by CheckersController#show as HTML
  [1m[36mUser Load (1.2ms)[0m  [1m[34mSELECT "fake_users".* FROM "fake_users" WHERE "fake_users"."id" = $1 LIMIT $2[0m  [["id", 1], ["LIMIT", 1]]
  ↳ app/controllers/application_controller.rb:13:in `find_current_user'
  Rendering checkers/show.html.erb
  Rendered checkers/show.html.erb (Duration: 4.6ms | Allocations: 7164)
Completed 200 OK in 7ms (Views: 4.8ms | ActiveRecord: 1.2ms | Allocations: 8313)


Started GET "/games/checkers" for ::1 at 2024-06-18 15:49:28 -0700
Processing by CheckersController#show as HTML
  [1m[36mUser Load (0.1ms)[0m  [1m[34mSELECT "fake_users".* FROM "fake_users" WHERE "fake_users"."id" = $1 LIMIT $2[0m  [["id", 1], ["LIMIT", 1]]
  ↳ app/controllers/application_controller.rb:13:in `find_current_user'
  Rendering checkers/show.html.erb
  Rendered checkers/show.html.erb (Duration: 3.2ms | Allocations: 3874)
Completed 200 OK in 4ms (Views: 3.3ms | ActiveRecord: 0.1ms | Allocations: 5010)


Started GET "/games/checkers" for ::1 at 2024-06-18 15:49:33 -0700
Processing by CheckersController#show as HTML
  [1m[36mUser Load (0.3ms)[0m  [1m[34mSELECT "fake_users".* FROM "fake_users" WHERE "fake_users"."id" = $1 LIMIT $2[0m  [["id", 1], ["LIMIT", 1]]
  ↳ app/controllers/application_controller.rb:13:in `find_current_user'
  Rendering checkers/show.html.erb
  Rendered checkers/show.html.erb (Duration: 1.5ms | Allocations: 3874)
Completed 200 OK in 3ms (Views: 1.7ms | ActiveRecord: 0.3ms | Allocations: 5026)


Started GET "/games/checkers" for ::1 at 2024-06-18 15:49:39 -0700
Processing by CheckersController#show as HTML
  [1m[36mUser Load (0.2ms)[0m  [1m[34mSELECT "fake_users".* FROM "fake_users" WHERE "fake_users"."id" = $1 LIMIT $2[0m  [["id", 1], ["LIMIT", 1]]
  ↳ app/controllers/application_controller.rb:13:in `find_current_user'
  Rendering checkers/show.html.erb
  Rendered checkers/show.html.erb (Duration: 1.5ms | Allocations: 3874)
Completed 200 OK in 3ms (Views: 1.6ms | ActiveRecord: 0.2ms | Allocations: 5000)


Started GET "/games/checkers" for ::1 at 2024-06-18 15:49:43 -0700
Processing by CheckersController#show as HTML
  [1m[36mUser Load (0.3ms)[0m  [1m[34mSELECT "fake_users".* FROM "fake_users" WHERE "fake_users"."id" = $1 LIMIT $2[0m  [["id", 1], ["LIMIT", 1]]
  ↳ app/controllers/application_controller.rb:13:in `find_current_user'
  Rendering checkers/show.html.erb
  Rendered checkers/show.html.erb (Duration: 1.5ms | Allocations: 3879)
Completed 200 OK in 3ms (Views: 1.7ms | ActiveRecord: 0.3ms | Allocations: 5038)


Started GET "/games/checkers" for ::1 at 2024-06-18 15:51:32 -0700
Processing by CheckersController#show as HTML
  [1m[36mUser Load (0.1ms)[0m  [1m[34mSELECT "fake_users".* FROM "fake_users" WHERE "fake_users"."id" = $1 LIMIT $2[0m  [["id", 1], ["LIMIT", 1]]
  ↳ app/controllers/application_controller.rb:13:in `find_current_user'
  Rendering checkers/show.html.erb
  Rendered checkers/show.html.erb (Duration: 4.8ms | Allocations: 7173)
Completed 200 OK in 6ms (Views: 4.9ms | ActiveRecord: 0.1ms | Allocations: 8314)


Started GET "/games/checkers" for ::1 at 2024-06-18 15:52:59 -0700
Processing by CheckersController#show as HTML
  [1m[36mUser Load (0.2ms)[0m  [1m[34mSELECT "fake_users".* FROM "fake_users" WHERE "fake_users"."id" = $1 LIMIT $2[0m  [["id", 1], ["LIMIT", 1]]
  ↳ app/controllers/application_controller.rb:13:in `find_current_user'
  Rendering checkers/show.html.erb
  Rendered checkers/show.html.erb (Duration: 4.7ms | Allocations: 7153)
Completed 200 OK in 6ms (Views: 4.9ms | ActiveRecord: 0.2ms | Allocations: 8303)


Started GET "/games/checkers" for ::1 at 2024-06-18 15:53:17 -0700
Processing by CheckersController#show as HTML
  [1m[36mUser Load (0.2ms)[0m  [1m[34mSELECT "fake_users".* FROM "fake_users" WHERE "fake_users"."id" = $1 LIMIT $2[0m  [["id", 1], ["LIMIT", 1]]
  ↳ app/controllers/application_controller.rb:13:in `find_current_user'
  Rendering checkers/show.html.erb
  Rendered checkers/show.html.erb (Duration: 1.4ms | Allocations: 3874)
Completed 200 OK in 3ms (Views: 1.6ms | ActiveRecord: 0.2ms | Allocations: 5009)


Started GET "/games/checkers" for ::1 at 2024-06-18 15:57:51 -0700
Processing by CheckersController#show as HTML
  [1m[36mUser Load (0.3ms)[0m  [1m[34mSELECT "fake_users".* FROM "fake_users" WHERE "fake_users"."id" = $1 LIMIT $2[0m  [["id", 1], ["LIMIT", 1]]
  ↳ app/controllers/application_controller.rb:13:in `find_current_user'
  Rendering checkers/show.html.erb
  Rendered checkers/show.html.erb (Duration: 5.2ms | Allocations: 7153)
Completed 200 OK in 6ms (Views: 5.3ms | ActiveRecord: 0.3ms | Allocations: 8297)


Started GET "/games/checkers" for ::1 at 2024-06-18 16:01:50 -0700
Processing by CheckersController#show as HTML
  [1m[36mUser Load (0.3ms)[0m  [1m[34mSELECT "fake_users".* FROM "fake_users" WHERE "fake_users"."id" = $1 LIMIT $2[0m  [["id", 1], ["LIMIT", 1]]
  ↳ app/controllers/application_controller.rb:13:in `find_current_user'
  Rendering checkers/show.html.erb
  Rendered checkers/show.html.erb (Duration: 5.0ms | Allocations: 7159)
Completed 200 OK in 7ms (Views: 5.1ms | ActiveRecord: 0.3ms | Allocations: 8320)


Started GET "/games/checkers" for ::1 at 2024-06-18 16:02:10 -0700
Processing by CheckersController#show as HTML
  [1m[36mUser Load (0.3ms)[0m  [1m[34mSELECT "fake_users".* FROM "fake_users" WHERE "fake_users"."id" = $1 LIMIT $2[0m  [["id", 1], ["LIMIT", 1]]
  ↳ app/controllers/application_controller.rb:13:in `find_current_user'
  Rendering checkers/show.html.erb
  Rendered checkers/show.html.erb (Duration: 1.5ms | Allocations: 3874)
Completed 200 OK in 3ms (Views: 1.7ms | ActiveRecord: 0.3ms | Allocations: 5021)


Started GET "/games/checkers" for ::1 at 2024-06-18 16:03:30 -0700
Processing by CheckersController#show as HTML
  [1m[36mUser Load (0.1ms)[0m  [1m[34mSELECT "fake_users".* FROM "fake_users" WHERE "fake_users"."id" = $1 LIMIT $2[0m  [["id", 1], ["LIMIT", 1]]
  ↳ app/controllers/application_controller.rb:13:in `find_current_user'
  Rendering checkers/show.html.erb
  Rendered checkers/show.html.erb (Duration: 4.8ms | Allocations: 7165)
Completed 200 OK in 6ms (Views: 5.0ms | ActiveRecord: 0.1ms | Allocations: 8303)


Started GET "/games/checkers" for ::1 at 2024-06-18 16:03:46 -0700
Processing by CheckersController#show as HTML
  [1m[36mUser Load (0.4ms)[0m  [1m[34mSELECT "fake_users".* FROM "fake_users" WHERE "fake_users"."id" = $1 LIMIT $2[0m  [["id", 1], ["LIMIT", 1]]
  ↳ app/controllers/application_controller.rb:13:in `find_current_user'
  Rendering checkers/show.html.erb
  Rendered checkers/show.html.erb (Duration: 1.8ms | Allocations: 3875)
Completed 200 OK in 4ms (Views: 1.9ms | ActiveRecord: 0.4ms | Allocations: 5041)


Started GET "/games/checkers" for ::1 at 2024-06-18 16:04:19 -0700
Processing by CheckersController#show as HTML
  [1m[36mUser Load (0.3ms)[0m  [1m[34mSELECT "fake_users".* FROM "fake_users" WHERE "fake_users"."id" = $1 LIMIT $2[0m  [["id", 1], ["LIMIT", 1]]
  ↳ app/controllers/application_controller.rb:13:in `find_current_user'
  Rendering checkers/show.html.erb
  Rendered checkers/show.html.erb (Duration: 4.4ms | Allocations: 7149)
Completed 200 OK in 6ms (Views: 4.5ms | ActiveRecord: 0.3ms | Allocations: 8287)


Started GET "/games/checkers" for ::1 at 2024-06-18 16:06:45 -0700
Processing by CheckersController#show as HTML
  [1m[36mUser Load (0.4ms)[0m  [1m[34mSELECT "fake_users".* FROM "fake_users" WHERE "fake_users"."id" = $1 LIMIT $2[0m  [["id", 1], ["LIMIT", 1]]
  ↳ app/controllers/application_controller.rb:13:in `find_current_user'
  Rendering checkers/show.html.erb
  Rendered checkers/show.html.erb (Duration: 5.2ms | Allocations: 7160)
Completed 200 OK in 7ms (Views: 5.4ms | ActiveRecord: 0.4ms | Allocations: 8306)


Started GET "/games/checkers" for ::1 at 2024-06-18 16:06:52 -0700
Processing by CheckersController#show as HTML
  [1m[36mUser Load (0.2ms)[0m  [1m[34mSELECT "fake_users".* FROM "fake_users" WHERE "fake_users"."id" = $1 LIMIT $2[0m  [["id", 1], ["LIMIT", 1]]
  ↳ app/controllers/application_controller.rb:13:in `find_current_user'
  Rendering checkers/show.html.erb
  Rendered checkers/show.html.erb (Duration: 1.5ms | Allocations: 3888)
Completed 200 OK in 3ms (Views: 1.7ms | ActiveRecord: 0.2ms | Allocations: 5022)


[dotenv] Set [36mPOSTGRES_USERNAME[0m, [36mPOSTGRES_PASSWORD[0m, [36mDB_HOST[0m, [36mDB_PORT[0m, and [36mDB_NAME_DEVELOPMENT[0m
[dotenv] Loaded [33m.env[0m
[dotenv] Loaded [33m.env[0m
[dotenv] Loaded [33m.env[0m
Started GET "/" for ::1 at 2024-06-20 11:05:20 -0700
  [1m[35m (0.5ms)[0m  [1m[34mSELECT "schema_migrations"."version" FROM "schema_migrations" ORDER BY "schema_migrations"."version" ASC[0m
Processing by PagesController#home as HTML
  Rendering layout layouts/application.html.erb
  Rendering pages/home.html.erb within layouts/application
  Rendered pages/home.html.erb within layouts/application (Duration: 0.7ms | Allocations: 562)
[Webpacker] Everything's up-to-date. Nothing to do
  Rendered users/_new.html.erb (Duration: 0.4ms | Allocations: 142)
  Rendered users/_existing.html.erb (Duration: 0.3ms | Allocations: 128)
  Rendered layout layouts/application.html.erb (Duration: 87.2ms | Allocations: 55837)
Completed 200 OK in 102ms (Views: 88.3ms | ActiveRecord: 6.3ms | Allocations: 66097)


Started POST "/login" for ::1 at 2024-06-20 11:05:26 -0700
Processing by SessionsController#create as HTML
  Parameters: {"authenticity_token"=>"[FILTERED]", "session"=>{"email"=>"a@a.a", "password"=>"[FILTERED]"}}
  [1m[36mUser Load (1.5ms)[0m  [1m[34mSELECT "fake_users".* FROM "fake_users" WHERE "fake_users"."email" = $1 LIMIT $2[0m  [["email", "a@a.a"], ["LIMIT", 1]]
  ↳ app/controllers/sessions_controller.rb:6:in `create'
Redirected to http://localhost:3000/games
Completed 302 Found in 247ms (ActiveRecord: 2.0ms | Allocations: 2068)


Started GET "/games" for ::1 at 2024-06-20 11:05:26 -0700
Processing by GamesController#show as HTML
  [1m[36mUser Load (0.4ms)[0m  [1m[34mSELECT "fake_users".* FROM "fake_users" WHERE "fake_users"."id" = $1 LIMIT $2[0m  [["id", 1], ["LIMIT", 1]]
  ↳ app/controllers/application_controller.rb:13:in `find_current_user'
  Rendering games/show.html.erb
[Webpacker] Everything's up-to-date. Nothing to do
  Rendered partials/_header.html.erb (Duration: 1.8ms | Allocations: 4160)
  Rendered games/show.html.erb (Duration: 6.9ms | Allocations: 11746)
Completed 200 OK in 9ms (Views: 7.4ms | ActiveRecord: 0.4ms | Allocations: 13399)


Started GET "/tictactoe" for ::1 at 2024-06-20 11:05:32 -0700
Processing by TictactoeController#index as HTML
  [1m[36mUser Load (0.5ms)[0m  [1m[34mSELECT "fake_users".* FROM "fake_users" WHERE "fake_users"."id" = $1 LIMIT $2[0m  [["id", 1], ["LIMIT", 1]]
  ↳ app/controllers/application_controller.rb:13:in `find_current_user'
  Rendering tictactoe/index.html.erb
  Rendered partials/_header.html.erb (Duration: 23.9ms | Allocations: 5172)
  Rendered tictactoe/index.html.erb (Duration: 25.2ms | Allocations: 5495)
Completed 200 OK in 36ms (Views: 27.5ms | ActiveRecord: 0.5ms | Allocations: 7694)


Started GET "/games" for ::1 at 2024-06-20 11:07:37 -0700
Processing by GamesController#show as HTML
  [1m[36mUser Load (0.3ms)[0m  [1m[34mSELECT "fake_users".* FROM "fake_users" WHERE "fake_users"."id" = $1 LIMIT $2[0m  [["id", 1], ["LIMIT", 1]]
  ↳ app/controllers/application_controller.rb:13:in `find_current_user'
  Rendering games/show.html.erb
[Webpacker] Everything's up-to-date. Nothing to do
  Rendered partials/_header.html.erb (Duration: 6.2ms | Allocations: 3941)
  Rendered games/show.html.erb (Duration: 20.9ms | Allocations: 11357)
Completed 200 OK in 27ms (Views: 24.1ms | ActiveRecord: 0.3ms | Allocations: 12857)


Started GET "/games" for ::1 at 2024-06-20 11:14:00 -0700
Processing by GamesController#show as HTML
  [1m[36mUser Load (0.5ms)[0m  [1m[34mSELECT "fake_users".* FROM "fake_users" WHERE "fake_users"."id" = $1 LIMIT $2[0m  [["id", 1], ["LIMIT", 1]]
  ↳ app/controllers/application_controller.rb:13:in `find_current_user'
  Rendering games/show.html.erb
[Webpacker] Everything's up-to-date. Nothing to do
  Rendered partials/_header.html.erb (Duration: 4.1ms | Allocations: 3943)
  Rendered games/show.html.erb (Duration: 16.6ms | Allocations: 11278)
Completed 200 OK in 39ms (Views: 18.6ms | ActiveRecord: 7.3ms | Allocations: 16870)


Started GET "/games/checkers" for ::1 at 2024-06-20 11:14:11 -0700
Processing by CheckersController#show as HTML
  [1m[36mUser Load (0.6ms)[0m  [1m[34mSELECT "fake_users".* FROM "fake_users" WHERE "fake_users"."id" = $1 LIMIT $2[0m  [["id", 1], ["LIMIT", 1]]
  ↳ app/controllers/application_controller.rb:13:in `find_current_user'
  Rendering checkers/show.html.erb
  Rendered checkers/show.html.erb (Duration: 9.3ms | Allocations: 4806)
Completed 200 OK in 17ms (Views: 11.8ms | ActiveRecord: 0.6ms | Allocations: 6788)


Started GET "/games" for ::1 at 2024-06-20 11:14:21 -0700
Processing by GamesController#show as HTML
  [1m[36mUser Load (0.3ms)[0m  [1m[34mSELECT "fake_users".* FROM "fake_users" WHERE "fake_users"."id" = $1 LIMIT $2[0m  [["id", 1], ["LIMIT", 1]]
  ↳ app/controllers/application_controller.rb:13:in `find_current_user'
  Rendering games/show.html.erb
[Webpacker] Everything's up-to-date. Nothing to do
  Rendered partials/_header.html.erb (Duration: 5.1ms | Allocations: 3625)
  Rendered games/show.html.erb (Duration: 17.2ms | Allocations: 10294)
Completed 200 OK in 21ms (Views: 18.1ms | ActiveRecord: 0.3ms | Allocations: 11301)


Started GET "/games/checkers" for ::1 at 2024-06-20 11:14:22 -0700
Processing by CheckersController#show as HTML
  [1m[36mUser Load (0.3ms)[0m  [1m[34mSELECT "fake_users".* FROM "fake_users" WHERE "fake_users"."id" = $1 LIMIT $2[0m  [["id", 1], ["LIMIT", 1]]
  ↳ app/controllers/application_controller.rb:13:in `find_current_user'
  Rendering checkers/show.html.erb
  Rendered checkers/show.html.erb (Duration: 5.6ms | Allocations: 3874)
Completed 200 OK in 10ms (Views: 6.5ms | ActiveRecord: 0.3ms | Allocations: 5012)


Started GET "/games/checkers" for ::1 at 2024-06-20 11:24:34 -0700
Processing by CheckersController#show as HTML
  [1m[36mUser Load (0.6ms)[0m  [1m[34mSELECT "fake_users".* FROM "fake_users" WHERE "fake_users"."id" = $1 LIMIT $2[0m  [["id", 1], ["LIMIT", 1]]
  ↳ app/controllers/application_controller.rb:13:in `find_current_user'
  Rendering checkers/show.html.erb
  Rendered checkers/show.html.erb (Duration: 17.9ms | Allocations: 7259)
Completed 200 OK in 41ms (Views: 18.8ms | ActiveRecord: 7.9ms | Allocations: 12486)


Started GET "/games/checkers" for ::1 at 2024-06-20 11:25:42 -0700
Processing by CheckersController#show as HTML
  [1m[36mUser Load (0.5ms)[0m  [1m[34mSELECT "fake_users".* FROM "fake_users" WHERE "fake_users"."id" = $1 LIMIT $2[0m  [["id", 1], ["LIMIT", 1]]
  ↳ app/controllers/application_controller.rb:13:in `find_current_user'
  Rendering checkers/show.html.erb
  Rendered checkers/show.html.erb (Duration: 35.9ms | Allocations: 7175)
Completed 200 OK in 42ms (Views: 38.2ms | ActiveRecord: 0.5ms | Allocations: 8322)


Started GET "/games/checkers" for ::1 at 2024-06-20 11:26:45 -0700
Processing by CheckersController#show as HTML
  [1m[36mUser Load (0.2ms)[0m  [1m[34mSELECT "fake_users".* FROM "fake_users" WHERE "fake_users"."id" = $1 LIMIT $2[0m  [["id", 1], ["LIMIT", 1]]
  ↳ app/controllers/application_controller.rb:13:in `find_current_user'
  Rendering checkers/show.html.erb
  Rendered checkers/show.html.erb (Duration: 18.9ms | Allocations: 7188)
Completed 200 OK in 24ms (Views: 19.8ms | ActiveRecord: 0.2ms | Allocations: 8347)


Started GET "/games/checkers" for ::1 at 2024-06-20 11:27:30 -0700
Processing by CheckersController#show as HTML
  [1m[36mUser Load (0.4ms)[0m  [1m[34mSELECT "fake_users".* FROM "fake_users" WHERE "fake_users"."id" = $1 LIMIT $2[0m  [["id", 1], ["LIMIT", 1]]
  ↳ app/controllers/application_controller.rb:13:in `find_current_user'
  Rendering checkers/show.html.erb
  Rendered checkers/show.html.erb (Duration: 6.9ms | Allocations: 3889)
Completed 200 OK in 10ms (Views: 7.4ms | ActiveRecord: 0.4ms | Allocations: 5033)


Started GET "/games/checkers" for ::1 at 2024-06-20 11:27:40 -0700
Processing by CheckersController#show as HTML
  [1m[36mUser Load (0.5ms)[0m  [1m[34mSELECT "fake_users".* FROM "fake_users" WHERE "fake_users"."id" = $1 LIMIT $2[0m  [["id", 1], ["LIMIT", 1]]
  ↳ app/controllers/application_controller.rb:13:in `find_current_user'
  Rendering checkers/show.html.erb
  Rendered checkers/show.html.erb (Duration: 6.7ms | Allocations: 3875)
Completed 200 OK in 11ms (Views: 7.6ms | ActiveRecord: 0.5ms | Allocations: 5022)


Started GET "/games/checkers" for ::1 at 2024-06-20 11:27:44 -0700
Processing by CheckersController#show as HTML
  [1m[36mUser Load (0.6ms)[0m  [1m[34mSELECT "fake_users".* FROM "fake_users" WHERE "fake_users"."id" = $1 LIMIT $2[0m  [["id", 1], ["LIMIT", 1]]
  ↳ app/controllers/application_controller.rb:13:in `find_current_user'
  Rendering checkers/show.html.erb
  Rendered checkers/show.html.erb (Duration: 5.2ms | Allocations: 3875)
Completed 200 OK in 10ms (Views: 6.1ms | ActiveRecord: 0.6ms | Allocations: 5023)


Started GET "/games/checkers" for ::1 at 2024-06-20 11:29:00 -0700
Processing by CheckersController#show as HTML
  [1m[36mUser Load (0.5ms)[0m  [1m[34mSELECT "fake_users".* FROM "fake_users" WHERE "fake_users"."id" = $1 LIMIT $2[0m  [["id", 1], ["LIMIT", 1]]
  ↳ app/controllers/application_controller.rb:13:in `find_current_user'
  Rendering checkers/show.html.erb
  Rendered checkers/show.html.erb (Duration: 17.0ms | Allocations: 7193)
Completed 200 OK in 21ms (Views: 17.7ms | ActiveRecord: 0.5ms | Allocations: 8334)


Started GET "/games/checkers" for ::1 at 2024-06-20 11:29:08 -0700
Processing by CheckersController#show as HTML
  [1m[36mUser Load (0.4ms)[0m  [1m[34mSELECT "fake_users".* FROM "fake_users" WHERE "fake_users"."id" = $1 LIMIT $2[0m  [["id", 1], ["LIMIT", 1]]
  ↳ app/controllers/application_controller.rb:13:in `find_current_user'
  Rendering checkers/show.html.erb
  Rendered checkers/show.html.erb (Duration: 7.7ms | Allocations: 3874)
Completed 200 OK in 11ms (Views: 8.4ms | ActiveRecord: 0.4ms | Allocations: 5009)


Started GET "/games/checkers" for ::1 at 2024-06-20 11:29:16 -0700
Processing by CheckersController#show as HTML
  [1m[36mUser Load (0.3ms)[0m  [1m[34mSELECT "fake_users".* FROM "fake_users" WHERE "fake_users"."id" = $1 LIMIT $2[0m  [["id", 1], ["LIMIT", 1]]
  ↳ app/controllers/application_controller.rb:13:in `find_current_user'
  Rendering checkers/show.html.erb
  Rendered checkers/show.html.erb (Duration: 7.3ms | Allocations: 3874)
Completed 200 OK in 11ms (Views: 8.1ms | ActiveRecord: 0.3ms | Allocations: 5021)


Started GET "/games/checkers" for ::1 at 2024-06-20 11:29:25 -0700
Processing by CheckersController#show as HTML
  [1m[36mUser Load (0.4ms)[0m  [1m[34mSELECT "fake_users".* FROM "fake_users" WHERE "fake_users"."id" = $1 LIMIT $2[0m  [["id", 1], ["LIMIT", 1]]
  ↳ app/controllers/application_controller.rb:13:in `find_current_user'
  Rendering checkers/show.html.erb
  Rendered checkers/show.html.erb (Duration: 8.0ms | Allocations: 3888)
Completed 200 OK in 12ms (Views: 8.9ms | ActiveRecord: 0.4ms | Allocations: 5041)


Started GET "/games/checkers" for ::1 at 2024-06-20 11:30:04 -0700
Processing by CheckersController#show as HTML
  [1m[36mUser Load (0.2ms)[0m  [1m[34mSELECT "fake_users".* FROM "fake_users" WHERE "fake_users"."id" = $1 LIMIT $2[0m  [["id", 1], ["LIMIT", 1]]
  ↳ app/controllers/application_controller.rb:13:in `find_current_user'
  Rendering checkers/show.html.erb
  Rendered checkers/show.html.erb (Duration: 20.8ms | Allocations: 7181)
Completed 200 OK in 25ms (Views: 21.7ms | ActiveRecord: 0.2ms | Allocations: 8325)


Started GET "/games/checkers" for ::1 at 2024-06-20 11:30:13 -0700
Processing by CheckersController#show as HTML
  [1m[36mUser Load (0.3ms)[0m  [1m[34mSELECT "fake_users".* FROM "fake_users" WHERE "fake_users"."id" = $1 LIMIT $2[0m  [["id", 1], ["LIMIT", 1]]
  ↳ app/controllers/application_controller.rb:13:in `find_current_user'
  Rendering checkers/show.html.erb
  Rendered checkers/show.html.erb (Duration: 20.5ms | Allocations: 7186)
Completed 200 OK in 24ms (Views: 21.4ms | ActiveRecord: 0.3ms | Allocations: 8327)


Started GET "/games/checkers" for ::1 at 2024-06-20 11:30:47 -0700
Processing by CheckersController#show as HTML
  [1m[36mUser Load (0.3ms)[0m  [1m[34mSELECT "fake_users".* FROM "fake_users" WHERE "fake_users"."id" = $1 LIMIT $2[0m  [["id", 1], ["LIMIT", 1]]
  ↳ app/controllers/application_controller.rb:13:in `find_current_user'
  Rendering checkers/show.html.erb
  Rendered checkers/show.html.erb (Duration: 8.8ms | Allocations: 3933)
Completed 200 OK in 12ms (Views: 9.5ms | ActiveRecord: 0.3ms | Allocations: 5077)


Started GET "/games/checkers" for ::1 at 2024-06-20 11:31:02 -0700
Processing by CheckersController#show as HTML
  [1m[36mUser Load (0.3ms)[0m  [1m[34mSELECT "fake_users".* FROM "fake_users" WHERE "fake_users"."id" = $1 LIMIT $2[0m  [["id", 1], ["LIMIT", 1]]
  ↳ app/controllers/application_controller.rb:13:in `find_current_user'
  Rendering checkers/show.html.erb
  Rendered checkers/show.html.erb (Duration: 5.8ms | Allocations: 3874)
Completed 200 OK in 10ms (Views: 6.8ms | ActiveRecord: 0.3ms | Allocations: 5042)


Started GET "/games/checkers" for ::1 at 2024-06-20 11:32:22 -0700
Processing by CheckersController#show as HTML
  [1m[36mUser Load (0.3ms)[0m  [1m[34mSELECT "fake_users".* FROM "fake_users" WHERE "fake_users"."id" = $1 LIMIT $2[0m  [["id", 1], ["LIMIT", 1]]
  ↳ app/controllers/application_controller.rb:13:in `find_current_user'
  Rendering checkers/show.html.erb
  Rendered checkers/show.html.erb (Duration: 18.9ms | Allocations: 7188)
Completed 200 OK in 22ms (Views: 19.6ms | ActiveRecord: 0.3ms | Allocations: 8323)


Started GET "/games/checkers" for ::1 at 2024-06-20 11:32:30 -0700
Processing by CheckersController#show as HTML
  [1m[36mUser Load (0.5ms)[0m  [1m[34mSELECT "fake_users".* FROM "fake_users" WHERE "fake_users"."id" = $1 LIMIT $2[0m  [["id", 1], ["LIMIT", 1]]
  ↳ app/controllers/application_controller.rb:13:in `find_current_user'
  Rendering checkers/show.html.erb
  Rendered checkers/show.html.erb (Duration: 6.0ms | Allocations: 3874)
Completed 200 OK in 10ms (Views: 6.8ms | ActiveRecord: 0.5ms | Allocations: 5033)


Started GET "/games/checkers" for ::1 at 2024-06-20 11:33:57 -0700
Processing by CheckersController#show as HTML
  [1m[36mUser Load (0.6ms)[0m  [1m[34mSELECT "fake_users".* FROM "fake_users" WHERE "fake_users"."id" = $1 LIMIT $2[0m  [["id", 1], ["LIMIT", 1]]
  ↳ app/controllers/application_controller.rb:13:in `find_current_user'
  Rendering checkers/show.html.erb
  Rendered checkers/show.html.erb (Duration: 8.8ms | Allocations: 3887)
Completed 200 OK in 14ms (Views: 9.8ms | ActiveRecord: 0.6ms | Allocations: 5052)


Started GET "/games/checkers" for ::1 at 2024-06-20 11:34:38 -0700
Processing by CheckersController#show as HTML
  [1m[36mUser Load (0.4ms)[0m  [1m[34mSELECT "fake_users".* FROM "fake_users" WHERE "fake_users"."id" = $1 LIMIT $2[0m  [["id", 1], ["LIMIT", 1]]
  ↳ app/controllers/application_controller.rb:13:in `find_current_user'
  Rendering checkers/show.html.erb
  Rendered checkers/show.html.erb (Duration: 20.1ms | Allocations: 7185)
Completed 200 OK in 24ms (Views: 21.0ms | ActiveRecord: 0.4ms | Allocations: 8338)


Started GET "/games/checkers" for ::1 at 2024-06-20 11:35:23 -0700
Processing by CheckersController#show as HTML
  [1m[36mUser Load (0.2ms)[0m  [1m[34mSELECT "fake_users".* FROM "fake_users" WHERE "fake_users"."id" = $1 LIMIT $2[0m  [["id", 1], ["LIMIT", 1]]
  ↳ app/controllers/application_controller.rb:13:in `find_current_user'
  Rendering checkers/show.html.erb
  Rendered checkers/show.html.erb (Duration: 8.3ms | Allocations: 3875)
Completed 200 OK in 13ms (Views: 9.7ms | ActiveRecord: 0.2ms | Allocations: 5055)


Started GET "/games/checkers" for ::1 at 2024-06-20 11:35:39 -0700
Processing by CheckersController#show as HTML
  [1m[36mUser Load (0.4ms)[0m  [1m[34mSELECT "fake_users".* FROM "fake_users" WHERE "fake_users"."id" = $1 LIMIT $2[0m  [["id", 1], ["LIMIT", 1]]
  ↳ app/controllers/application_controller.rb:13:in `find_current_user'
  Rendering checkers/show.html.erb
  Rendered checkers/show.html.erb (Duration: 22.2ms | Allocations: 7171)
Completed 200 OK in 27ms (Views: 23.2ms | ActiveRecord: 0.4ms | Allocations: 8305)


Started GET "/games/checkers" for ::1 at 2024-06-20 11:35:49 -0700
Processing by CheckersController#show as HTML
  [1m[36mUser Load (0.2ms)[0m  [1m[34mSELECT "fake_users".* FROM "fake_users" WHERE "fake_users"."id" = $1 LIMIT $2[0m  [["id", 1], ["LIMIT", 1]]
  ↳ app/controllers/application_controller.rb:13:in `find_current_user'
  Rendering checkers/show.html.erb
  Rendered checkers/show.html.erb (Duration: 7.6ms | Allocations: 3874)
Completed 200 OK in 11ms (Views: 8.4ms | ActiveRecord: 0.2ms | Allocations: 5039)


Started GET "/games/checkers" for ::1 at 2024-06-20 11:36:04 -0700
Processing by CheckersController#show as HTML
  [1m[36mUser Load (0.2ms)[0m  [1m[34mSELECT "fake_users".* FROM "fake_users" WHERE "fake_users"."id" = $1 LIMIT $2[0m  [["id", 1], ["LIMIT", 1]]
  ↳ app/controllers/application_controller.rb:13:in `find_current_user'
  Rendering checkers/show.html.erb
  Rendered checkers/show.html.erb (Duration: 25.5ms | Allocations: 7169)
Completed 200 OK in 29ms (Views: 26.2ms | ActiveRecord: 0.2ms | Allocations: 8325)


Started GET "/games/checkers" for ::1 at 2024-06-20 11:37:25 -0700
Processing by CheckersController#show as HTML
  [1m[36mUser Load (0.2ms)[0m  [1m[34mSELECT "fake_users".* FROM "fake_users" WHERE "fake_users"."id" = $1 LIMIT $2[0m  [["id", 1], ["LIMIT", 1]]
  ↳ app/controllers/application_controller.rb:13:in `find_current_user'
  Rendering checkers/show.html.erb
  Rendered checkers/show.html.erb (Duration: 14.3ms | Allocations: 7188)
Completed 200 OK in 17ms (Views: 15.0ms | ActiveRecord: 0.2ms | Allocations: 8326)


Started GET "/games/checkers" for ::1 at 2024-06-20 11:37:39 -0700
Processing by CheckersController#show as HTML
  [1m[36mUser Load (0.3ms)[0m  [1m[34mSELECT "fake_users".* FROM "fake_users" WHERE "fake_users"."id" = $1 LIMIT $2[0m  [["id", 1], ["LIMIT", 1]]
  ↳ app/controllers/application_controller.rb:13:in `find_current_user'
  Rendering checkers/show.html.erb
  Rendered checkers/show.html.erb (Duration: 8.1ms | Allocations: 3874)
Completed 200 OK in 13ms (Views: 9.2ms | ActiveRecord: 0.3ms | Allocations: 5021)


Started GET "/games/checkers" for ::1 at 2024-06-20 11:39:17 -0700
Processing by CheckersController#show as HTML
  [1m[36mUser Load (0.2ms)[0m  [1m[34mSELECT "fake_users".* FROM "fake_users" WHERE "fake_users"."id" = $1 LIMIT $2[0m  [["id", 1], ["LIMIT", 1]]
  ↳ app/controllers/application_controller.rb:13:in `find_current_user'
  Rendering checkers/show.html.erb
  Rendered checkers/show.html.erb (Duration: 14.6ms | Allocations: 7186)
Completed 200 OK in 17ms (Views: 15.0ms | ActiveRecord: 0.2ms | Allocations: 8333)


Started GET "/games/checkers" for ::1 at 2024-06-20 11:42:12 -0700
Processing by CheckersController#show as HTML
  [1m[36mUser Load (0.3ms)[0m  [1m[34mSELECT "fake_users".* FROM "fake_users" WHERE "fake_users"."id" = $1 LIMIT $2[0m  [["id", 1], ["LIMIT", 1]]
  ↳ app/controllers/application_controller.rb:13:in `find_current_user'
  Rendering checkers/show.html.erb
  Rendered checkers/show.html.erb (Duration: 19.6ms | Allocations: 7173)
Completed 200 OK in 24ms (Views: 20.7ms | ActiveRecord: 0.3ms | Allocations: 8338)


